c:\users\xevi2\documents\uab\1curs2nsemestre\metodologia de la programació\mp damas\practica 5\damas\debug\vc141.pdb
c:\users\xevi2\documents\uab\1curs2nsemestre\metodologia de la programació\mp damas\practica 5\damas\debug\vc141.idb
c:\users\xevi2\documents\uab\1curs2nsemestre\metodologia de la programació\mp damas\practica 5\damas\debug\tauler.obj
c:\users\xevi2\documents\uab\1curs2nsemestre\metodologia de la programació\mp damas\practica 5\damas\debug\partida.obj
c:\users\xevi2\documents\uab\1curs2nsemestre\metodologia de la programació\mp damas\practica 5\damas\debug\node.obj
c:\users\xevi2\documents\uab\1curs2nsemestre\metodologia de la programació\mp damas\practica 5\damas\debug\moviment.obj
c:\users\xevi2\documents\uab\1curs2nsemestre\metodologia de la programació\mp damas\practica 5\damas\debug\video.obj
c:\users\xevi2\documents\uab\1curs2nsemestre\metodologia de la programació\mp damas\practica 5\damas\debug\stb_vorbis.obj
c:\users\xevi2\documents\uab\1curs2nsemestre\metodologia de la programació\mp damas\practica 5\damas\debug\sprites.obj
c:\users\xevi2\documents\uab\1curs2nsemestre\metodologia de la programació\mp damas\practica 5\damas\debug\sound.obj
c:\users\xevi2\documents\uab\1curs2nsemestre\metodologia de la programació\mp damas\practica 5\damas\debug\mouse.obj
c:\users\xevi2\documents\uab\1curs2nsemestre\metodologia de la programació\mp damas\practica 5\damas\debug\keyboard.obj
c:\users\xevi2\documents\uab\1curs2nsemestre\metodologia de la programació\mp damas\practica 5\damas\debug\image_png.obj
c:\users\xevi2\documents\uab\1curs2nsemestre\metodologia de la programació\mp damas\practica 5\damas\debug\debug.obj
c:\users\xevi2\documents\uab\1curs2nsemestre\metodologia de la programació\mp damas\practica 5\damas\debug\joc.obj
c:\users\xevi2\documents\uab\1curs2nsemestre\metodologia de la programació\mp damas\practica 5\damas\debug\damas.obj
c:\users\xevi2\documents\uab\1curs2nsemestre\metodologia de la programació\mp damas\practica 5\damas\debug\cua.obj
c:\users\xevi2\documents\uab\1curs2nsemestre\metodologia de la programació\mp damas\practica 5\program\damas.exe
c:\users\xevi2\documents\uab\1curs2nsemestre\metodologia de la programació\mp damas\practica 5\program\damas.ilk
c:\users\xevi2\documents\uab\1curs2nsemestre\metodologia de la programació\mp damas\practica 5\program\damas.pdb
c:\users\xevi2\documents\uab\1curs2nsemestre\metodologia de la programació\mp damas\practica 5\\program\damas.pdb
c:\users\xevi2\documents\uab\1curs2nsemestre\metodologia de la programació\mp damas\practica 5\\program\damas.exe
c:\users\xevi2\documents\uab\1curs2nsemestre\metodologia de la programació\mp damas\practica 5\\program\damas.ilk
c:\users\xevi2\documents\uab\1curs2nsemestre\metodologia de la programació\mp damas\practica 5\damas\debug\damas.tlog\cl.command.1.tlog
c:\users\xevi2\documents\uab\1curs2nsemestre\metodologia de la programació\mp damas\practica 5\damas\debug\damas.tlog\cl.read.1.tlog
c:\users\xevi2\documents\uab\1curs2nsemestre\metodologia de la programació\mp damas\practica 5\damas\debug\damas.tlog\cl.write.1.tlog
c:\users\xevi2\documents\uab\1curs2nsemestre\metodologia de la programació\mp damas\practica 5\damas\debug\damas.tlog\link.command.1.tlog
c:\users\xevi2\documents\uab\1curs2nsemestre\metodologia de la programació\mp damas\practica 5\damas\debug\damas.tlog\link.read.1.tlog
c:\users\xevi2\documents\uab\1curs2nsemestre\metodologia de la programació\mp damas\practica 5\damas\debug\damas.tlog\link.write.1.tlog
